Determining if the pthread_create exist failed with the following output:
Change Dir: /home/houssem-meg/submission/catkin_ws/build/control/CMakeFiles/CMakeTmp

Run Build Command:"/usr/bin/make" "cmTC_006f2/fast"
/usr/bin/make -f CMakeFiles/cmTC_006f2.dir/build.make CMakeFiles/cmTC_006f2.dir/build
make[1]: Entering directory '/home/houssem-meg/submission/catkin_ws/build/control/CMakeFiles/CMakeTmp'
Building C object CMakeFiles/cmTC_006f2.dir/CheckSymbolExists.c.o
/usr/bin/cc     -o CMakeFiles/cmTC_006f2.dir/CheckSymbolExists.c.o   -c /home/houssem-meg/submission/catkin_ws/build/control/CMakeFiles/CMakeTmp/CheckSymbolExists.c
Linking C executable cmTC_006f2
/usr/bin/cmake -E cmake_link_script CMakeFiles/cmTC_006f2.dir/link.txt --verbose=1
/usr/bin/cc       CMakeFiles/cmTC_006f2.dir/CheckSymbolExists.c.o  -o cmTC_006f2 -rdynamic 
CMakeFiles/cmTC_006f2.dir/CheckSymbolExists.c.o: In function `main':
CheckSymbolExists.c:(.text+0x16): undefined reference to `pthread_create'
collect2: error: ld returned 1 exit status
CMakeFiles/cmTC_006f2.dir/build.make:97: recipe for target 'cmTC_006f2' failed
make[1]: *** [cmTC_006f2] Error 1
make[1]: Leaving directory '/home/houssem-meg/submission/catkin_ws/build/control/CMakeFiles/CMakeTmp'
Makefile:126: recipe for target 'cmTC_006f2/fast' failed
make: *** [cmTC_006f2/fast] Error 2

File /home/houssem-meg/submission/catkin_ws/build/control/CMakeFiles/CMakeTmp/CheckSymbolExists.c:
/* */
#include <pthread.h>

int main(int argc, char** argv)
{
  (void)argv;
#ifndef pthread_create
  return ((int*)(&pthread_create))[argc];
#else
  (void)argc;
  return 0;
#endif
}

Determining if the function pthread_create exists in the pthreads failed with the following output:
Change Dir: /home/houssem-meg/submission/catkin_ws/build/control/CMakeFiles/CMakeTmp

Run Build Command:"/usr/bin/make" "cmTC_acf2b/fast"
/usr/bin/make -f CMakeFiles/cmTC_acf2b.dir/build.make CMakeFiles/cmTC_acf2b.dir/build
make[1]: Entering directory '/home/houssem-meg/submission/catkin_ws/build/control/CMakeFiles/CMakeTmp'
Building C object CMakeFiles/cmTC_acf2b.dir/CheckFunctionExists.c.o
/usr/bin/cc    -DCHECK_FUNCTION_EXISTS=pthread_create   -o CMakeFiles/cmTC_acf2b.dir/CheckFunctionExists.c.o   -c /usr/share/cmake-3.5/Modules/CheckFunctionExists.c
Linking C executable cmTC_acf2b
/usr/bin/cmake -E cmake_link_script CMakeFiles/cmTC_acf2b.dir/link.txt --verbose=1
/usr/bin/cc   -DCHECK_FUNCTION_EXISTS=pthread_create    CMakeFiles/cmTC_acf2b.dir/CheckFunctionExists.c.o  -o cmTC_acf2b -rdynamic -lpthreads 
/usr/bin/ld: cannot find -lpthreads
collect2: error: ld returned 1 exit status
CMakeFiles/cmTC_acf2b.dir/build.make:97: recipe for target 'cmTC_acf2b' failed
make[1]: *** [cmTC_acf2b] Error 1
make[1]: Leaving directory '/home/houssem-meg/submission/catkin_ws/build/control/CMakeFiles/CMakeTmp'
Makefile:126: recipe for target 'cmTC_acf2b/fast' failed
make: *** [cmTC_acf2b/fast] Error 2


