Determining if the pthread_create exist failed with the following output:
Change Dir: /home/houssem-meg/submission/catkin_ws/build/orb_slam2_ros/CMakeFiles/CMakeTmp

Run Build Command:"/usr/bin/make" "cmTC_cc17f/fast"
/usr/bin/make -f CMakeFiles/cmTC_cc17f.dir/build.make CMakeFiles/cmTC_cc17f.dir/build
make[1]: Entering directory '/home/houssem-meg/submission/catkin_ws/build/orb_slam2_ros/CMakeFiles/CMakeTmp'
Building C object CMakeFiles/cmTC_cc17f.dir/CheckSymbolExists.c.o
/usr/bin/cc     -o CMakeFiles/cmTC_cc17f.dir/CheckSymbolExists.c.o   -c /home/houssem-meg/submission/catkin_ws/build/orb_slam2_ros/CMakeFiles/CMakeTmp/CheckSymbolExists.c
Linking C executable cmTC_cc17f
/usr/bin/cmake -E cmake_link_script CMakeFiles/cmTC_cc17f.dir/link.txt --verbose=1
/usr/bin/cc       CMakeFiles/cmTC_cc17f.dir/CheckSymbolExists.c.o  -o cmTC_cc17f -rdynamic 
CMakeFiles/cmTC_cc17f.dir/CheckSymbolExists.c.o: In function `main':
CheckSymbolExists.c:(.text+0x16): undefined reference to `pthread_create'
collect2: error: ld returned 1 exit status
CMakeFiles/cmTC_cc17f.dir/build.make:97: recipe for target 'cmTC_cc17f' failed
make[1]: *** [cmTC_cc17f] Error 1
make[1]: Leaving directory '/home/houssem-meg/submission/catkin_ws/build/orb_slam2_ros/CMakeFiles/CMakeTmp'
Makefile:126: recipe for target 'cmTC_cc17f/fast' failed
make: *** [cmTC_cc17f/fast] Error 2

File /home/houssem-meg/submission/catkin_ws/build/orb_slam2_ros/CMakeFiles/CMakeTmp/CheckSymbolExists.c:
/* */
#include <pthread.h>

int main(int argc, char** argv)
{
  (void)argv;
#ifndef pthread_create
  return ((int*)(&pthread_create))[argc];
#else
  (void)argc;
  return 0;
#endif
}

Determining if the function pthread_create exists in the pthreads failed with the following output:
Change Dir: /home/houssem-meg/submission/catkin_ws/build/orb_slam2_ros/CMakeFiles/CMakeTmp

Run Build Command:"/usr/bin/make" "cmTC_f599b/fast"
/usr/bin/make -f CMakeFiles/cmTC_f599b.dir/build.make CMakeFiles/cmTC_f599b.dir/build
make[1]: Entering directory '/home/houssem-meg/submission/catkin_ws/build/orb_slam2_ros/CMakeFiles/CMakeTmp'
Building C object CMakeFiles/cmTC_f599b.dir/CheckFunctionExists.c.o
/usr/bin/cc    -DCHECK_FUNCTION_EXISTS=pthread_create   -o CMakeFiles/cmTC_f599b.dir/CheckFunctionExists.c.o   -c /usr/share/cmake-3.5/Modules/CheckFunctionExists.c
Linking C executable cmTC_f599b
/usr/bin/cmake -E cmake_link_script CMakeFiles/cmTC_f599b.dir/link.txt --verbose=1
/usr/bin/cc   -DCHECK_FUNCTION_EXISTS=pthread_create    CMakeFiles/cmTC_f599b.dir/CheckFunctionExists.c.o  -o cmTC_f599b -rdynamic -lpthreads 
/usr/bin/ld: cannot find -lpthreads
collect2: error: ld returned 1 exit status
CMakeFiles/cmTC_f599b.dir/build.make:97: recipe for target 'cmTC_f599b' failed
make[1]: *** [cmTC_f599b] Error 1
make[1]: Leaving directory '/home/houssem-meg/submission/catkin_ws/build/orb_slam2_ros/CMakeFiles/CMakeTmp'
Makefile:126: recipe for target 'cmTC_f599b/fast' failed
make: *** [cmTC_f599b/fast] Error 2


