[35m[1mScanning dependencies of target orb_slam2_ros_gencfg[0m
[35m[1mScanning dependencies of target DBoW2[0m
[35m[1mScanning dependencies of target g2o[0m
[  1%] [34m[1mGenerating dynamic reconfigure files from ros/config/dynamic_reconfigure.cfg: /home/houssem-meg/submission/catkin_ws/devel/include/orb_slam2_ros/dynamic_reconfigureConfig.h /home/houssem-meg/submission/catkin_ws/devel/lib/python2.7/dist-packages/orb_slam2_ros/cfg/dynamic_reconfigureConfig.py[0m
[  4%] [32mBuilding CXX object CMakeFiles/DBoW2.dir/orb_slam2/Thirdparty/DBoW2/DBoW2/FORB.cpp.o[0m
[  4%] [32mBuilding CXX object CMakeFiles/DBoW2.dir/orb_slam2/Thirdparty/DBoW2/DBoW2/BowVector.cpp.o[0m
Generating reconfiguration files for dynamic_reconfigure in orb_slam2_ros
Wrote header file in /home/houssem-meg/submission/catkin_ws/devel/include/orb_slam2_ros/dynamic_reconfigureConfig.h
[  4%] Built target orb_slam2_ros_gencfg
[  6%] [32mBuilding CXX object CMakeFiles/DBoW2.dir/orb_slam2/Thirdparty/DBoW2/DBoW2/FeatureVector.cpp.o[0m
[  7%] [32mBuilding CXX object CMakeFiles/g2o.dir/orb_slam2/Thirdparty/g2o/g2o/types/types_sba.cpp.o[0m
[  9%] [32mBuilding CXX object CMakeFiles/DBoW2.dir/orb_slam2/Thirdparty/DBoW2/DBoW2/ScoringObject.cpp.o[0m
[ 10%] [32mBuilding CXX object CMakeFiles/DBoW2.dir/orb_slam2/Thirdparty/DBoW2/DUtils/Random.cpp.o[0m
[ 12%] [32mBuilding CXX object CMakeFiles/DBoW2.dir/orb_slam2/Thirdparty/DBoW2/DUtils/Timestamp.cpp.o[0m
[ 13%] [32mBuilding CXX object CMakeFiles/g2o.dir/orb_slam2/Thirdparty/g2o/g2o/types/types_six_dof_expmap.cpp.o[0m
[ 15%] [32mBuilding CXX object CMakeFiles/g2o.dir/orb_slam2/Thirdparty/g2o/g2o/types/types_seven_dof_expmap.cpp.o[0m
[ 16%] [32m[1mLinking CXX shared library /home/houssem-meg/submission/catkin_ws/src/orb_slam_2_ros-master/orb_slam2/Thirdparty/DBoW2/lib/libDBoW2.so[0m
[ 16%] Built target DBoW2
[ 18%] [32mBuilding CXX object CMakeFiles/g2o.dir/orb_slam2/Thirdparty/g2o/g2o/core/hyper_graph_action.cpp.o[0m
[ 20%] [32mBuilding CXX object CMakeFiles/g2o.dir/orb_slam2/Thirdparty/g2o/g2o/core/hyper_graph.cpp.o[0m
[ 21%] [32mBuilding CXX object CMakeFiles/g2o.dir/orb_slam2/Thirdparty/g2o/g2o/core/marginal_covariance_cholesky.cpp.o[0m
[ 23%] [32mBuilding CXX object CMakeFiles/g2o.dir/orb_slam2/Thirdparty/g2o/g2o/core/matrix_structure.cpp.o[0m
[ 24%] [32mBuilding CXX object CMakeFiles/g2o.dir/orb_slam2/Thirdparty/g2o/g2o/core/batch_stats.cpp.o[0m
[ 26%] [32mBuilding CXX object CMakeFiles/g2o.dir/orb_slam2/Thirdparty/g2o/g2o/core/parameter.cpp.o[0m
[ 27%] [32mBuilding CXX object CMakeFiles/g2o.dir/orb_slam2/Thirdparty/g2o/g2o/core/cache.cpp.o[0m
[ 29%] [32mBuilding CXX object CMakeFiles/g2o.dir/orb_slam2/Thirdparty/g2o/g2o/core/optimizable_graph.cpp.o[0m
[ 30%] [32mBuilding CXX object CMakeFiles/g2o.dir/orb_slam2/Thirdparty/g2o/g2o/core/solver.cpp.o[0m
[ 32%] [32mBuilding CXX object CMakeFiles/g2o.dir/orb_slam2/Thirdparty/g2o/g2o/core/optimization_algorithm_factory.cpp.o[0m
[ 33%] [32mBuilding CXX object CMakeFiles/g2o.dir/orb_slam2/Thirdparty/g2o/g2o/core/estimate_propagator.cpp.o[0m
[ 35%] [32mBuilding CXX object CMakeFiles/g2o.dir/orb_slam2/Thirdparty/g2o/g2o/core/factory.cpp.o[0m
[ 36%] [32mBuilding CXX object CMakeFiles/g2o.dir/orb_slam2/Thirdparty/g2o/g2o/core/sparse_optimizer.cpp.o[0m
[ 38%] [32mBuilding CXX object CMakeFiles/g2o.dir/orb_slam2/Thirdparty/g2o/g2o/core/hyper_dijkstra.cpp.o[0m
[ 40%] [32mBuilding CXX object CMakeFiles/g2o.dir/orb_slam2/Thirdparty/g2o/g2o/core/parameter_container.cpp.o[0m
[ 41%] [32mBuilding CXX object CMakeFiles/g2o.dir/orb_slam2/Thirdparty/g2o/g2o/core/optimization_algorithm.cpp.o[0m
[ 43%] [32mBuilding CXX object CMakeFiles/g2o.dir/orb_slam2/Thirdparty/g2o/g2o/core/optimization_algorithm_with_hessian.cpp.o[0m
[ 44%] [32mBuilding CXX object CMakeFiles/g2o.dir/orb_slam2/Thirdparty/g2o/g2o/core/optimization_algorithm_levenberg.cpp.o[0m
[ 46%] [32mBuilding CXX object CMakeFiles/g2o.dir/orb_slam2/Thirdparty/g2o/g2o/core/jacobian_workspace.cpp.o[0m
[ 47%] [32mBuilding CXX object CMakeFiles/g2o.dir/orb_slam2/Thirdparty/g2o/g2o/core/robust_kernel.cpp.o[0m
[ 49%] [32mBuilding CXX object CMakeFiles/g2o.dir/orb_slam2/Thirdparty/g2o/g2o/core/robust_kernel_factory.cpp.o[0m
[ 50%] [32mBuilding CXX object CMakeFiles/g2o.dir/orb_slam2/Thirdparty/g2o/g2o/core/robust_kernel_impl.cpp.o[0m
[ 52%] [32mBuilding CXX object CMakeFiles/g2o.dir/orb_slam2/Thirdparty/g2o/g2o/stuff/timeutil.cpp.o[0m
[ 53%] [32mBuilding C object CMakeFiles/g2o.dir/orb_slam2/Thirdparty/g2o/g2o/stuff/os_specific.c.o[0m
[ 55%] [32mBuilding CXX object CMakeFiles/g2o.dir/orb_slam2/Thirdparty/g2o/g2o/stuff/string_tools.cpp.o[0m
[ 56%] [32mBuilding CXX object CMakeFiles/g2o.dir/orb_slam2/Thirdparty/g2o/g2o/stuff/property.cpp.o[0m
[ 58%] [32m[1mLinking CXX shared library /home/houssem-meg/submission/catkin_ws/src/orb_slam_2_ros-master/orb_slam2/Thirdparty/g2o/lib/libg2o.so[0m
[ 58%] Built target g2o
[35m[1mScanning dependencies of target orb_slam2_ros[0m
[ 61%] [32mBuilding CXX object CMakeFiles/orb_slam2_ros.dir/orb_slam2/src/Tracking.cc.o[0m
[ 60%] [32mBuilding CXX object CMakeFiles/orb_slam2_ros.dir/orb_slam2/src/System.cc.o[0m
[ 63%] [32mBuilding CXX object CMakeFiles/orb_slam2_ros.dir/orb_slam2/src/LoopClosing.cc.o[0m
[ 64%] [32mBuilding CXX object CMakeFiles/orb_slam2_ros.dir/orb_slam2/src/LocalMapping.cc.o[0m
[ 66%] [32mBuilding CXX object CMakeFiles/orb_slam2_ros.dir/orb_slam2/src/ORBextractor.cc.o[0m
[ 67%] [32mBuilding CXX object CMakeFiles/orb_slam2_ros.dir/orb_slam2/src/ORBmatcher.cc.o[0m
[ 69%] [32mBuilding CXX object CMakeFiles/orb_slam2_ros.dir/orb_slam2/src/FrameDrawer.cc.o[0m
[ 70%] [32mBuilding CXX object CMakeFiles/orb_slam2_ros.dir/orb_slam2/src/Converter.cc.o[0m
[ 72%] [32mBuilding CXX object CMakeFiles/orb_slam2_ros.dir/orb_slam2/src/MapPoint.cc.o[0m
[ 73%] [32mBuilding CXX object CMakeFiles/orb_slam2_ros.dir/orb_slam2/src/KeyFrame.cc.o[0m
[ 75%] [32mBuilding CXX object CMakeFiles/orb_slam2_ros.dir/orb_slam2/src/Map.cc.o[0m
[ 76%] [32mBuilding CXX object CMakeFiles/orb_slam2_ros.dir/orb_slam2/src/Optimizer.cc.o[0m
[ 78%] [32mBuilding CXX object CMakeFiles/orb_slam2_ros.dir/orb_slam2/src/PnPsolver.cc.o[0m
[ 80%] [32mBuilding CXX object CMakeFiles/orb_slam2_ros.dir/orb_slam2/src/Frame.cc.o[0m
[ 81%] [32mBuilding CXX object CMakeFiles/orb_slam2_ros.dir/orb_slam2/src/KeyFrameDatabase.cc.o[0m
[ 83%] [32mBuilding CXX object CMakeFiles/orb_slam2_ros.dir/orb_slam2/src/Sim3Solver.cc.o[0m
[ 84%] [32mBuilding CXX object CMakeFiles/orb_slam2_ros.dir/orb_slam2/src/Initializer.cc.o[0m
[ 86%] [32m[1mLinking CXX shared library /home/houssem-meg/submission/catkin_ws/src/orb_slam_2_ros-master/orb_slam2/lib/liborb_slam2_ros.so[0m
[ 86%] Built target orb_slam2_ros
[35m[1mScanning dependencies of target orb_slam2_ros_stereo[0m
[35m[1mScanning dependencies of target orb_slam2_ros_mono[0m
[35m[1mScanning dependencies of target orb_slam2_ros_rgbd[0m
[ 87%] [32mBuilding CXX object CMakeFiles/orb_slam2_ros_mono.dir/ros/src/MonoNode.cc.o[0m
[ 89%] [32mBuilding CXX object CMakeFiles/orb_slam2_ros_rgbd.dir/ros/src/RGBDNode.cc.o[0m
[ 90%] [32mBuilding CXX object CMakeFiles/orb_slam2_ros_stereo.dir/ros/src/StereoNode.cc.o[0m
[ 92%] [32mBuilding CXX object CMakeFiles/orb_slam2_ros_mono.dir/ros/src/Node.cc.o[0m
[ 93%] [32mBuilding CXX object CMakeFiles/orb_slam2_ros_rgbd.dir/ros/src/Node.cc.o[0m
[ 95%] [32m[1mLinking CXX executable /home/houssem-meg/submission/catkin_ws/devel/lib/orb_slam2_ros/orb_slam2_ros_mono[0m
[ 96%] [32mBuilding CXX object CMakeFiles/orb_slam2_ros_stereo.dir/ros/src/Node.cc.o[0m
[ 96%] Built target orb_slam2_ros_mono
[ 98%] [32m[1mLinking CXX executable /home/houssem-meg/submission/catkin_ws/devel/lib/orb_slam2_ros/orb_slam2_ros_rgbd[0m
[ 98%] Built target orb_slam2_ros_rgbd
[100%] [32m[1mLinking CXX executable /home/houssem-meg/submission/catkin_ws/devel/lib/orb_slam2_ros/orb_slam2_ros_stereo[0m
[100%] Built target orb_slam2_ros_stereo
